{"/Users/camilosaenz/Documents/Projects/drinksandco/src/assets/img/logo.png": {"path":"/Users/camilosaenz/Documents/Projects/drinksandco/src/assets/img/logo.png","statementMap":{"0":{"start":{"line":1,"column":0},"end":{"line":4,"column":6}}},"fnMap":{},"branchMap":{},"s":{"0":1},"f":{},"b":{},"inputSourceMap":null,"_coverageSchema":"1a1c01bbd47fc00a2c39e90264f33305004495a9","hash":"a0291144468b473e993aa5c82a22e8f43c26b55b"}
,"/Users/camilosaenz/Documents/Projects/drinksandco/src/components/ProductItem/index.tsx": {"path":"/Users/camilosaenz/Documents/Projects/drinksandco/src/components/ProductItem/index.tsx","statementMap":{"0":{"start":{"line":8,"column":18},"end":{"line":8,"column":42}},"1":{"start":{"line":11,"column":21},"end":{"line":11,"column":36}},"2":{"start":{"line":12,"column":2},"end":{"line":43,"column":4}},"3":{"start":{"line":16,"column":10},"end":{"line":16,"column":68}}},"fnMap":{"0":{"name":"ProductItem","decl":{"start":{"line":10,"column":16},"end":{"line":10,"column":27}},"loc":{"start":{"line":10,"column":38},"end":{"line":44,"column":1}},"line":10},"1":{"name":"(anonymous_1)","decl":{"start":{"line":15,"column":17},"end":{"line":15,"column":18}},"loc":{"start":{"line":16,"column":10},"end":{"line":16,"column":68}},"line":16}},"branchMap":{"0":{"loc":{"start":{"line":31,"column":17},"end":{"line":33,"column":17}},"type":"binary-expr","locations":[{"start":{"line":31,"column":17},"end":{"line":31,"column":40}},{"start":{"line":32,"column":18},"end":{"line":32,"column":64}}],"line":31}},"s":{"0":1,"1":0,"2":0,"3":0},"f":{"0":0,"1":0},"b":{"0":[0,0]},"_coverageSchema":"1a1c01bbd47fc00a2c39e90264f33305004495a9","hash":"b96f6c52f6bf299ab0d2b6cbe62438da8fddbf6c"}
,"/Users/camilosaenz/Documents/Projects/drinksandco/src/components/ProductItem/styles.ts": {"path":"/Users/camilosaenz/Documents/Projects/drinksandco/src/components/ProductItem/styles.ts","statementMap":{"0":{"start":{"line":3,"column":18},"end":{"line":3,"column":42}}},"fnMap":{},"branchMap":{},"s":{"0":1},"f":{},"b":{},"_coverageSchema":"1a1c01bbd47fc00a2c39e90264f33305004495a9","hash":"0a77fd2fd321092141ec62c99e47f11247e216d9"}
,"/Users/camilosaenz/Documents/Projects/drinksandco/src/config/api.ts": {"path":"/Users/camilosaenz/Documents/Projects/drinksandco/src/config/api.ts","statementMap":{"0":{"start":{"line":1,"column":19},"end":{"line":1,"column":53}}},"fnMap":{},"branchMap":{},"s":{"0":1},"f":{},"b":{},"_coverageSchema":"1a1c01bbd47fc00a2c39e90264f33305004495a9","hash":"eb8dd2073b52b8e2a9f9af7609518b3ea47d2b16"}
,"/Users/camilosaenz/Documents/Projects/drinksandco/src/config/navigator.ts": {"path":"/Users/camilosaenz/Documents/Projects/drinksandco/src/config/navigator.ts","statementMap":{"0":{"start":{"line":1,"column":25},"end":{"line":4,"column":1}}},"fnMap":{},"branchMap":{},"s":{"0":1},"f":{},"b":{},"_coverageSchema":"1a1c01bbd47fc00a2c39e90264f33305004495a9","hash":"39bb9d7baaf7daae6b9aca69bd635e165839d411"}
,"/Users/camilosaenz/Documents/Projects/drinksandco/src/containers/ProductsList/ProductsList.tsx": {"path":"/Users/camilosaenz/Documents/Projects/drinksandco/src/containers/ProductsList/ProductsList.tsx","statementMap":{"0":{"start":{"line":9,"column":19},"end":{"line":9,"column":40}},"1":{"start":{"line":11,"column":2},"end":{"line":21,"column":4}},"2":{"start":{"line":15,"column":30},"end":{"line":15,"column":37}},"3":{"start":{"line":17,"column":34},"end":{"line":17,"column":61}}},"fnMap":{"0":{"name":"ProductsList","decl":{"start":{"line":8,"column":9},"end":{"line":8,"column":21}},"loc":{"start":{"line":8,"column":24},"end":{"line":22,"column":1}},"line":8},"1":{"name":"(anonymous_1)","decl":{"start":{"line":15,"column":22},"end":{"line":15,"column":23}},"loc":{"start":{"line":15,"column":30},"end":{"line":15,"column":37}},"line":15},"2":{"name":"(anonymous_2)","decl":{"start":{"line":17,"column":20},"end":{"line":17,"column":21}},"loc":{"start":{"line":17,"column":34},"end":{"line":17,"column":61}},"line":17}},"branchMap":{},"s":{"0":0,"1":0,"2":0,"3":0},"f":{"0":0,"1":0,"2":0},"b":{},"_coverageSchema":"1a1c01bbd47fc00a2c39e90264f33305004495a9","hash":"dc8da3c3ccc8c431089a2ddc356f1b1c21a768ee"}
,"/Users/camilosaenz/Documents/Projects/drinksandco/src/containers/ProductsList/index.ts": {"path":"/Users/camilosaenz/Documents/Projects/drinksandco/src/containers/ProductsList/index.ts","statementMap":{},"fnMap":{},"branchMap":{},"s":{},"f":{},"b":{},"_coverageSchema":"1a1c01bbd47fc00a2c39e90264f33305004495a9","hash":"ded9e8abb0dde9af184d76e632cb57a0b073f15d"}
,"/Users/camilosaenz/Documents/Projects/drinksandco/src/containers/ProductsList/styles.ts": {"path":"/Users/camilosaenz/Documents/Projects/drinksandco/src/containers/ProductsList/styles.ts","statementMap":{"0":{"start":{"line":3,"column":18},"end":{"line":3,"column":42}}},"fnMap":{},"branchMap":{},"s":{"0":1},"f":{},"b":{},"_coverageSchema":"1a1c01bbd47fc00a2c39e90264f33305004495a9","hash":"8da181db7a6a308dc20635388a63c27da36c9715"}
,"/Users/camilosaenz/Documents/Projects/drinksandco/src/redux/features/products/products-api-slice.ts": {"path":"/Users/camilosaenz/Documents/Projects/drinksandco/src/redux/features/products/products-api-slice.ts","statementMap":{"0":{"start":{"line":17,"column":16},"end":{"line":17,"column":19}},"1":{"start":{"line":19,"column":24},"end":{"line":38,"column":2}},"2":{"start":{"line":24,"column":23},"end":{"line":37,"column":3}},"3":{"start":{"line":26,"column":20},"end":{"line":28,"column":7}},"4":{"start":{"line":29,"column":37},"end":{"line":29,"column":50}},"5":{"start":{"line":32,"column":20},"end":{"line":34,"column":7}},"6":{"start":{"line":35,"column":37},"end":{"line":35,"column":50}},"7":{"start":{"line":40,"column":59},"end":{"line":40,"column":67}}},"fnMap":{"0":{"name":"(anonymous_0)","decl":{"start":{"line":24,"column":13},"end":{"line":24,"column":14}},"loc":{"start":{"line":24,"column":23},"end":{"line":37,"column":3}},"line":24},"1":{"name":"(anonymous_1)","decl":{"start":{"line":26,"column":13},"end":{"line":26,"column":14}},"loc":{"start":{"line":26,"column":20},"end":{"line":28,"column":7}},"line":26},"2":{"name":"(anonymous_2)","decl":{"start":{"line":29,"column":25},"end":{"line":29,"column":26}},"loc":{"start":{"line":29,"column":37},"end":{"line":29,"column":50}},"line":29},"3":{"name":"(anonymous_3)","decl":{"start":{"line":32,"column":13},"end":{"line":32,"column":14}},"loc":{"start":{"line":32,"column":20},"end":{"line":34,"column":7}},"line":32},"4":{"name":"(anonymous_4)","decl":{"start":{"line":35,"column":25},"end":{"line":35,"column":26}},"loc":{"start":{"line":35,"column":37},"end":{"line":35,"column":50}},"line":35}},"branchMap":{},"s":{"0":1,"1":1,"2":1,"3":0,"4":0,"5":0,"6":0,"7":1},"f":{"0":1,"1":0,"2":0,"3":0,"4":0},"b":{},"_coverageSchema":"1a1c01bbd47fc00a2c39e90264f33305004495a9","hash":"3eeae8b98c22a47d5b96aebb6e7a7cd52b8d81bd"}
,"/Users/camilosaenz/Documents/Projects/drinksandco/src/screens/HomeScreen/HomeScreen.tsx": {"path":"/Users/camilosaenz/Documents/Projects/drinksandco/src/screens/HomeScreen/HomeScreen.tsx","statementMap":{"0":{"start":{"line":6,"column":26},"end":{"line":12,"column":1}},"1":{"start":{"line":7,"column":2},"end":{"line":11,"column":4}}},"fnMap":{"0":{"name":"(anonymous_0)","decl":{"start":{"line":6,"column":26},"end":{"line":6,"column":27}},"loc":{"start":{"line":6,"column":32},"end":{"line":12,"column":1}},"line":6}},"branchMap":{},"s":{"0":1,"1":0},"f":{"0":0},"b":{},"_coverageSchema":"1a1c01bbd47fc00a2c39e90264f33305004495a9","hash":"303dd5e22c047f1c80285d942e0a47243cb77b5b"}
}
